2015-05-01 15:32:04,178 INFO main com.netflix.governator.guice.LifecycleInjector - Found bootstrap annotation netflix.karyon.archaius.ArchaiusBootstrap
2015-05-01 15:32:04,181 INFO main com.netflix.governator.guice.LifecycleInjector - Adding BootstrapModule class netflix.karyon.archaius.ArchaiusBootstrapModule
2015-05-01 15:32:04,187 INFO main com.netflix.governator.guice.LifecycleInjector - Found bootstrap annotation netflix.karyon.KaryonBootstrap
2015-05-01 15:32:04,190 INFO main com.netflix.governator.guice.LifecycleInjector - Adding BootstrapModule class netflix.karyon.KaryonBootstrapModule
2015-05-01 15:32:04,190 INFO main com.netflix.governator.guice.LifecycleInjector - Found bootstrap annotation com.sun.jersey.spi.resource.Singleton
2015-05-01 15:32:04,193 INFO main com.netflix.governator.guice.LifecycleInjector - Found bootstrap annotation com.netflix.governator.annotations.Modules
2015-05-01 15:32:04,194 INFO main com.netflix.governator.guice.LifecycleInjector - Adding BootstrapModule class com.netflix.governator.guice.bootstrap.ModulesBootstrap
2015-05-01 15:32:04,284 WARN main com.netflix.governator.lifecycle.ClasspathScanner - No base packages specified - no classpath scanning will be done
2015-05-01 15:32:04,322 WARN main com.netflix.config.sources.URLConfigurationSource - No URLs will be polled as dynamic configuration sources.
2015-05-01 15:32:04,322 INFO main com.netflix.config.sources.URLConfigurationSource - To enable URLs as dynamic configuration sources, define System property archaius.configurationSource.additionalUrls or make config.properties available on classpath.
2015-05-01 15:32:04,339 INFO main com.netflix.config.DynamicPropertyFactory - DynamicPropertyFactory is initialized with configuration sources: com.netflix.config.ConcurrentCompositeConfiguration@69e153c5
2015-05-01 15:35:53,157 INFO main com.netflix.governator.guice.LifecycleInjector - Found bootstrap annotation netflix.karyon.archaius.ArchaiusBootstrap
2015-05-01 15:35:53,160 INFO main com.netflix.governator.guice.LifecycleInjector - Adding BootstrapModule class netflix.karyon.archaius.ArchaiusBootstrapModule
2015-05-01 15:35:53,167 INFO main com.netflix.governator.guice.LifecycleInjector - Found bootstrap annotation netflix.karyon.KaryonBootstrap
2015-05-01 15:35:53,170 INFO main com.netflix.governator.guice.LifecycleInjector - Adding BootstrapModule class netflix.karyon.KaryonBootstrapModule
2015-05-01 15:35:53,170 INFO main com.netflix.governator.guice.LifecycleInjector - Found bootstrap annotation com.sun.jersey.spi.resource.Singleton
2015-05-01 15:35:53,173 INFO main com.netflix.governator.guice.LifecycleInjector - Found bootstrap annotation com.netflix.governator.annotations.Modules
2015-05-01 15:35:53,173 INFO main com.netflix.governator.guice.LifecycleInjector - Adding BootstrapModule class com.netflix.governator.guice.bootstrap.ModulesBootstrap
2015-05-01 15:35:53,263 WARN main com.netflix.governator.lifecycle.ClasspathScanner - No base packages specified - no classpath scanning will be done
2015-05-01 15:35:53,301 WARN main com.netflix.config.sources.URLConfigurationSource - No URLs will be polled as dynamic configuration sources.
2015-05-01 15:35:53,302 INFO main com.netflix.config.sources.URLConfigurationSource - To enable URLs as dynamic configuration sources, define System property archaius.configurationSource.additionalUrls or make config.properties available on classpath.
2015-05-01 15:35:53,317 INFO main com.netflix.config.DynamicPropertyFactory - DynamicPropertyFactory is initialized with configuration sources: com.netflix.config.ConcurrentCompositeConfiguration@69e153c5
2015-05-01 15:35:53,605 INFO main com.netflix.loadbalancer.BaseLoadBalancer - Client:default instantiated a LoadBalancer:DynamicServerListLoadBalancer:{NFLoadBalancer:name=default,current list of Servers=[],Load balancer stats=Zone stats: {},Server stats: []}ServerList:null
2015-05-01 15:35:53,612 INFO main com.netflix.loadbalancer.DynamicServerListLoadBalancer - DynamicServerListLoadBalancer for client default initialized: DynamicServerListLoadBalancer:{NFLoadBalancer:name=default,current list of Servers=[],Load balancer stats=Zone stats: {},Server stats: []}ServerList:DiscoveryEnabledNIWSServerList:; clientName:default; Effective vipAddresses:EIDDO_SLAVE; isSecure:false; datacenter:null
2015-05-01 15:35:53,626 INFO main com.netflix.config.ChainedDynamicProperty - Flipping property: default.ribbon.ActiveConnectionsLimit to use NEXT property: niws.loadbalancer.availabilityFilteringRule.activeConnectionsLimit = 2147483647
2015-05-01 15:35:53,627 INFO main com.netflix.loadbalancer.BaseLoadBalancer - Client:default instantiated a LoadBalancer:DynamicServerListLoadBalancer:{NFLoadBalancer:name=default,current list of Servers=[],Load balancer stats=Zone stats: {},Server stats: []}ServerList:null
2015-05-01 15:35:53,632 INFO main com.netflix.loadbalancer.DynamicServerListLoadBalancer - DynamicServerListLoadBalancer for client default initialized: DynamicServerListLoadBalancer:{NFLoadBalancer:name=default,current list of Servers=[],Load balancer stats=Zone stats: {},Server stats: []}ServerList:com.netflix.loadbalancer.ConfigurationBasedServerList@29a60c27
2015-05-01 15:35:53,648 INFO main netflix.karyon.archaius.DefaultPropertiesLoader - Loading application properties with app id: 1p-async-service and environment: null
2015-05-01 15:35:53,664 INFO main com.netflix.config.util.ConfigurationUtils - Loaded properties file file:/Users/U2410337/1p/temp/1p-project-templates/1p-async-service/bin/1p-async-service.properties
2015-05-01 15:35:53,665 INFO main com.thomsonreuters.eiddo.EiddoPropertiesLoader - configuring Eiddo dynamic source: 1p-async-service
2015-05-01 15:35:53,666 INFO main com.thomsonreuters.eiddo.EiddoClient - Installing eiddo configuration source
2015-05-01 15:35:53,688 INFO main org.hibernate.validator.util.Version - Hibernate Validator 4.1.0.Final
2015-05-01 15:35:53,710 INFO main com.netflix.governator.guice.ModuleListBuilder - Getting instace of : com.thomsonreuters.karyon.ShutdownModule
2015-05-01 15:35:53,710 INFO main com.netflix.governator.guice.ModuleListBuilder - Adding module 'com.thomsonreuters.karyon.ShutdownModule
2015-05-01 15:35:53,710 INFO main com.netflix.governator.guice.ModuleListBuilder - Getting instace of : netflix.karyon.servo.KaryonServoModule
2015-05-01 15:35:53,711 INFO main com.netflix.governator.guice.ModuleListBuilder - Adding module 'netflix.karyon.servo.KaryonServoModule
2015-05-01 15:35:53,711 INFO main com.netflix.governator.guice.ModuleListBuilder - Getting instace of : netflix.adminresources.resources.KaryonWebAdminModule
2015-05-01 15:35:53,711 INFO main com.netflix.governator.guice.ModuleListBuilder - Adding module 'netflix.adminresources.resources.KaryonWebAdminModule
2015-05-01 15:35:53,711 INFO main com.netflix.governator.guice.ModuleListBuilder - Getting instace of : netflix.karyon.eureka.KaryonEurekaModule
2015-05-01 15:35:53,711 INFO main com.netflix.governator.guice.ModuleListBuilder - Adding module 'netflix.karyon.eureka.KaryonEurekaModule
2015-05-01 15:35:53,711 INFO main com.netflix.governator.guice.ModuleListBuilder - Getting instace of : com.thomsonreuters.events.karyon.EventsModule
2015-05-01 15:35:53,712 INFO main com.netflix.governator.guice.ModuleListBuilder - Adding module 'com.thomsonreuters.events.karyon.EventsModule
2015-05-01 15:35:53,712 INFO main com.netflix.governator.guice.ModuleListBuilder - Getting instace of : com.thomsonreuters.injection.module.MainModule
2015-05-01 15:35:53,712 INFO main com.netflix.governator.guice.ModuleListBuilder - Adding module 'com.thomsonreuters.injection.module.MainModule
2015-05-01 15:35:53,712 INFO main com.netflix.governator.guice.ModuleListBuilder - Getting instace of : com.thomsonreuters.injection.BootstrapInjectionModule$KaryonRxRouterModuleImpl
2015-05-01 15:35:53,837 INFO main com.netflix.governator.guice.ModuleListBuilder - Adding module 'com.thomsonreuters.injection.BootstrapInjectionModule$KaryonRxRouterModuleImpl
2015-05-01 15:35:54,224 INFO main io.reactivex.netty.server.AbstractServer - Rx server started at port: 7001
2015-05-01 15:35:54,225 INFO main netflix.karyon.transport.http.HttpRxServerProvider - Starting server karyonAsyncModule on port 7001...
2015-05-01 15:35:54,241 INFO main io.reactivex.netty.server.AbstractServer - Rx server started at port: 7002
2015-05-01 15:35:54,296 INFO main org.eclipse.jetty.util.log - Logging initialized @1526ms
2015-05-01 15:35:54,356 INFO main org.eclipse.jetty.server.Server - jetty-9.3.0.M1
2015-05-01 15:35:54,734 INFO main com.netflix.explorers.AbstractExplorerModule - Initialize baseserver
2015-05-01 15:35:54,738 INFO main com.netflix.explorers.AbstractExplorerModule - AbstractExplorerModule [name=baseserver, title=Admin Resources, description=Admin web resources, layoutName=bootstrap, isSecure=false, rootMenu=null, rolesAllowed=[]]
2015-05-01 15:35:55,129 INFO main org.eclipse.jetty.server.handler.ContextHandler - Started o.e.j.s.ServletContextHandler@6c977dcf{/admin,null,AVAILABLE}
2015-05-01 15:35:55,210 INFO main com.netflix.explorers.providers.WebApplicationExceptionMapper - GenericExceptionMapper Created
2015-05-01 15:35:55,396 INFO main org.eclipse.jetty.server.handler.ContextHandler - Started o.e.j.s.ServletContextHandler@4e424582{/webadmin,null,AVAILABLE}
2015-05-01 15:35:55,396 INFO main org.eclipse.jetty.server.handler.ContextHandler - Started o.e.j.s.ServletContextHandler@4d0cc83e{/,null,AVAILABLE}
2015-05-01 15:35:55,400 INFO main org.eclipse.jetty.server.ServerConnector - Started ServerConnector@413d2cd1{HTTP/1.1,[http/1.1]}{0.0.0.0:8067}
2015-05-01 15:35:55,400 INFO main org.eclipse.jetty.server.Server - Started @2630ms
2015-05-01 15:35:55,403 WARN main com.netflix.appinfo.PropertiesInstanceConfig - Cannot find the properties specified : eureka-client. This may be okay if there are other environment specific properties or the configuration is installed with a different mechanism.
2015-05-01 15:35:58,541 INFO main com.netflix.appinfo.CloudInstanceConfig - Datacenter is: Amazon
2015-05-01 15:35:58,546 INFO main com.netflix.appinfo.providers.EurekaConfigBasedInstanceInfoProvider - Setting initial instance status as: STARTING
2015-05-01 15:35:58,552 WARN main com.netflix.discovery.DefaultEurekaClientConfig - Cannot find the properties specified : eureka-client. This may be okay if there are other environment specific properties or the configuration is installed with a different mechanism.
2015-05-01 15:35:58,560 WARN main com.netflix.discovery.DiscoveryClient - DISCOVERY: Could not pick a zone based on preferred zone settings. My zone - default, preferSameZone- false. Defaulting to default
2015-05-01 15:35:58,806 INFO main com.netflix.discovery.DiscoveryClient - Disable delta property : false
2015-05-01 15:35:58,806 INFO main com.netflix.discovery.DiscoveryClient - Single vip registry refresh property : null
2015-05-01 15:35:58,806 INFO main com.netflix.discovery.DiscoveryClient - Force full registry fetch : false
2015-05-01 15:35:58,806 INFO main com.netflix.discovery.DiscoveryClient - Application is null : false
2015-05-01 15:35:58,806 INFO main com.netflix.discovery.DiscoveryClient - Registered Applications size is zero : true
2015-05-01 15:35:58,806 INFO main com.netflix.discovery.DiscoveryClient - Application version is -1: true
2015-05-01 15:35:59,278 INFO main com.netflix.discovery.DiscoveryClient - Getting all instance registry info from the eureka server
2015-05-01 15:35:59,381 INFO main com.netflix.discovery.DiscoveryClient - The response status is 200
2015-05-01 15:35:59,383 INFO main com.netflix.discovery.DiscoveryClient - Starting heartbeat executor: renew interval is: 30
2015-05-01 15:36:24,623 INFO pool-1-thread-1 com.netflix.config.ChainedDynamicProperty - Flipping property: default.ribbon.ActiveConnectionsLimit to use NEXT property: niws.loadbalancer.availabilityFilteringRule.activeConnectionsLimit = 2147483647
2015-05-01 15:36:29,741 INFO pool-6-thread-1 com.netflix.discovery.DiscoveryClient - DiscoveryClient_1P_ASYNC_SERVICE_TEMPLATE/10.223.238.213 - Re-registering apps/1P_ASYNC_SERVICE_TEMPLATE
2015-05-01 15:36:29,742 INFO pool-6-thread-1 com.netflix.discovery.DiscoveryClient - DiscoveryClient_1P_ASYNC_SERVICE_TEMPLATE/10.223.238.213: registering service...
2015-05-01 15:36:29,891 INFO pool-6-thread-1 com.netflix.discovery.DiscoveryClient - DiscoveryClient_1P_ASYNC_SERVICE_TEMPLATE/10.223.238.213 - registration status: 204
2015-05-01 15:36:48,511 INFO DiscoveryClient-2 com.thomsonreuters.handler.HealthCheck - Health check called.
2015-05-01 15:36:48,512 INFO DiscoveryClient-2 com.netflix.discovery.DiscoveryClient - DiscoveryClient_1P_ASYNC_SERVICE_TEMPLATE/10.223.238.213 - retransmit instance info with status UP
2015-05-01 15:36:48,512 INFO DiscoveryClient-2 com.netflix.discovery.DiscoveryClient - DiscoveryClient_1P_ASYNC_SERVICE_TEMPLATE/10.223.238.213: registering service...
2015-05-01 15:36:48,817 INFO DiscoveryClient-2 com.netflix.discovery.DiscoveryClient - DiscoveryClient_1P_ASYNC_SERVICE_TEMPLATE/10.223.238.213 - registration status: 204
